/quast-5.3.0/quast.py -R ref.fa output/contigs.fa -o output/quast_results

Version: 5.3.0

System information:
  OS: Linux-6.6.87.2-microsoft-standard-WSL2-x86_64-with-glibc2.35 (linux_64)
  Python version: 3.10.12
  CPUs number: 16

Started: 2026-04-02 07:05:40

Logging to /work/output/quast_results/quast.log
NOTICE: Maximum number of threads is set to 4 (use --threads option to set it manually)

CWD: /work
Main parameters: 
  MODE: default, threads: 4, min contig length: 500, min alignment length: 65, min alignment IDY: 95.0, \
  ambiguity: one, min local misassembly length: 200, min extensive misassembly length: 1000

Reference:
  /work/ref.fa ==> ref

Contigs:
  Pre-processing...
  output/contigs.fa ==> contigs

2026-04-02 07:05:41
Running Basic statistics processor...
  Reference genome:
    ref.fa, length = 1641468, num fragments = 1, GC % = 30.55
  Contig files: 
    contigs
  Calculating N50 and L50...
    contigs, N50 = 153901, L50 = 8, auN = 172479.4, Total length = 3245900, GC % = 30.46, # N's per 100 kbp =  218.83
  Drawing Nx plot...
    saved to /work/output/quast_results/basic_stats/Nx_plot.pdf
  Drawing NGx plot...
    saved to /work/output/quast_results/basic_stats/NGx_plot.pdf
  Drawing cumulative plot...
    saved to /work/output/quast_results/basic_stats/cumulative_plot.pdf
  Drawing GC content plot...
    saved to /work/output/quast_results/basic_stats/GC_content_plot.pdf
  Drawing contigs GC content plot...
    saved to /work/output/quast_results/basic_stats/contigs_GC_content_plot.pdf
Done.

2026-04-02 07:05:43
Running Contig analyzer...
  contigs
  Logging to files /work/output/quast_results/contigs_reports/contigs_report_contigs.stdout and contigs_report_contigs.stderr...
  Aligning contigs to the reference
  /quast-5.3.0/quast_libs/minimap2/minimap2 -c -x asm10 -B5 -O4,16 --no-long-join \
  -r 200 -N 50 -s 65 -z 200 --mask-level 0.9 --min-occ 200 -g 2500 --score-N 2 --cs \
  -t 4 output/quast_results/quast_corrected_input/ref.fa output/quast_results/quast_corrected_input/contigs.fa \
  > output/quast_results/contigs_reports/minimap_output/contigs.coords_tmp 2>> output/quast_results/contigs_reports/contigs_report_contigs.stderr
  Analysis is finished.

  Creating total report...
    saved to /work/output/quast_results/contigs_reports/misassemblies_report.txt, misassemblies_report.tsv, and misassemblies_report.tex
  Transposed version of total report...
    saved to /work/output/quast_results/contigs_reports/transposed_report_misassemblies.txt, transposed_report_misassemblies.tsv, and transposed_report_misassemblies.tex
  Creating total report...
    saved to /work/output/quast_results/contigs_reports/unaligned_report.txt, unaligned_report.tsv, and unaligned_report.tex
  Drawing misassemblies by types plot...
    saved to /work/output/quast_results/contigs_reports/misassemblies_plot.pdf
  Drawing misassemblies FRCurve plot...
    saved to /work/output/quast_results/contigs_reports/misassemblies_frcurve_plot.pdf
Done.

2026-04-02 07:05:43
Running NA-NGA calculation...
  contigs, Largest alignment = 355423, NA50 = 153733, NGA50 = 189044, LA50 = 8, LGA50 = 3
  Drawing cumulative plot...
    saved to /work/output/quast_results/aligned_stats/cumulative_plot.pdf
  Drawing NAx plot...
    saved to /work/output/quast_results/aligned_stats/NAx_plot.pdf
  Drawing NGAx plot...
    saved to /work/output/quast_results/aligned_stats/NGAx_plot.pdf
Done.

2026-04-02 07:05:44
Running Genome analyzer...
  NOTICE: No file with genomic features were provided. Use the --features option if you want to specify it.

  NOTICE: No file with operons were provided. Use the -O option if you want to specify it.
  contigs
  Analysis is finished.
  Skipping drawing Genome fraction, % histogram... (less than 2 columns histogram makes no sense)
Done.

NOTICE: Genes are not predicted by default. Use --gene-finding or --glimmer option to enable it.

2026-04-02 07:05:45
Creating large visual summaries...
This may take a while: press Ctrl-C to skip this step..
  1 of 2: Creating PDF with all tables and plots...
  2 of 2: Creating Icarus viewers...
Done

2026-04-02 07:05:45
RESULTS:
  Text versions of total report are saved to /work/output/quast_results/report.txt, report.tsv, and report.tex
  Text versions of transposed total report are saved to /work/output/quast_results/transposed_report.txt, transposed_report.tsv, and transposed_report.tex
  HTML version (interactive tables and plots) is saved to /work/output/quast_results/report.html
  PDF version (tables and plots) is saved to /work/output/quast_results/report.pdf
  Icarus (contig browser) is saved to /work/output/quast_results/icarus.html
  Log is saved to /work/output/quast_results/quast.log

Finished: 2026-04-02 07:05:46
Elapsed time: 0:00:05.905534
NOTICEs: 4; WARNINGs: 0; non-fatal ERRORs: 0

Thank you for using QUAST!
